<?xml version="1.0" encoding="UTF-8"?>
<yml_catalog date="2022-12-04 10:36">
<shop>
<name>МСК СОФТ </name>
<company>МСК СОФТ ООО</company>
<url>https://moscowsoft.com</url>
<currencies>
<currency id="RUR" rate="1"/>
</currencies>
<categories></categories>
<shipment-options>
<option days="1" order-before="15"/>
</shipment-options>
<offers>

<offer id="4601546116680" available="true">
<url></url>
<name>1С:Бухгалтерия 8 ПРОФ. Электронная поставка</name>
<price>13000</price>
<categoryId>00000003</categoryId>
<picture></picture>
<vat>VAT_20</vat>
<shipment-options>
<option days="1" order-before="15"/>
</shipment-options>
<outlets>
<outlet id="1" instock="1"/>
</outlets>
<vendor>1С</vendor>
<vendorCode>4601546116680</vendorCode>
<model>4601546116680</model>
<description></description>
<param name="Weight"></param>
<param name="Width"></param>
<param name="Length"></param>
<param name="Height"></param>
<param name="Габариты"></param>
<param name="Бренд"></param>
<param name="Материал"></param>
<param name="Странаизготовитель"></param>
<barcode></barcode>
</offer>

<offer id="4601546092564" available="true">
<url></url>
<name>1С:Бухгалтерия 8 ПРОФ. Поставка для розничного распространения</name>
<price>16800</price>
<categoryId>00000003</categoryId>
<picture></picture>
<vat>VAT_20</vat>
<shipment-options>
<option days="1" order-before="15"/>
</shipment-options>
<outlets>
<outlet id="1" instock="1"/>
</outlets>
<vendor></vendor>
<vendorCode>4601546092564</vendorCode>
<model>4601546092564</model>
<description></description>
<param name="Weight"></param>
<param name="Width"></param>
<param name="Length"></param>
<param name="Height"></param>
<param name="Габариты"></param>
<param name="Бренд"></param>
<param name="Материал"></param>
<param name="Странаизготовитель"></param>
<barcode></barcode>
</offer>

</offers>
</shop>
</yml_catalog>

